<?xml version="1.0" encoding="UTF-8"?>
<!-- Generated by org.testng.reporters.JUnitReportReporter -->
<testsuite hostname="MSDT138" failures="0" tests="1" name="TestNg" time="0.024" errors="0" timestamp="2022-01-31T21:30:17 IST" skipped="0">
  <testcase classname="TestNg" name="Title" time="0.024"/>
  <system-out/>
</testsuite> <!-- TestNg -->
