<?xml version="1.0" encoding="UTF-8"?>
<!-- Generated by org.testng.reporters.JUnitReportReporter -->
<testsuite hostname="MSDT138" failures="0" tests="2" name="PractTestNg" time="0.005" errors="0" timestamp="2022-01-31T21:30:17 IST" skipped="0">
  <testcase classname="PractTestNg" name="Test2" time="0.003"/>
  <system-out/>
  <testcase classname="PractTestNg" name="Test" time="0.002"/>
  <system-out/>
</testsuite> <!-- PractTestNg -->
